Using pre-set license
Built from '2020.3/staging' branch; Version is '2020.3.26f1 (7298b473bc1a) revision 7510196'; Using compiler version '192528614'; Build Type 'Release'
OS: 'Windows 10  (10.0.17134) 64bit Enterprise' Language: 'en' Physical Memory: 32669 MB
BatchMode: 1, IsHumanControllingUs: 0, StartBugReporterOnCrash: 0, Is64bit: 1, IsPro: 0

COMMAND LINE ARGUMENTS:
D:\Program Files\Unity\2020.3.26f1\Editor\Unity.exe
-adb2
-batchMode
-noUpm
-name
AssetImportWorker0
-projectPath
D:/Students/Jason A/Apple-Picker/ApplePick-Unity
-logFile
Logs/AssetImportWorker0.log
-srvPort
50029
Successfully changed project path to: D:/Students/Jason A/Apple-Picker/ApplePick-Unity
D:/Students/Jason A/Apple-Picker/ApplePick-Unity
Using Asset Import Pipeline V2.
Refreshing native plugins compatible for Editor in 29.81 ms, found 2 plugins.
Preloading 0 native plugins for Editor in 0.00 ms.
Initialize engine version: 2020.3.26f1 (7298b473bc1a)
[Subsystems] Discovering subsystems at path D:/Program Files/Unity/2020.3.26f1/Editor/Data/Resources/UnitySubsystems
[Subsystems] Discovering subsystems at path D:/Students/Jason A/Apple-Picker/ApplePick-Unity/Assets
GfxDevice: creating device client; threaded=0
Direct3D:
    Version:  Direct3D 11.0 [level 11.1]
    Renderer: NVIDIA GeForce GTX 1080 (ID=0x1b80)
    Vendor:   
    VRAM:     8079 MB
    Driver:   30.0.15.1123
Initialize mono
Mono path[0] = 'D:/Program Files/Unity/2020.3.26f1/Editor/Data/Managed'
Mono path[1] = 'D:/Program Files/Unity/2020.3.26f1/Editor/Data/MonoBleedingEdge/lib/mono/unityjit'
Mono config path = 'D:/Program Files/Unity/2020.3.26f1/Editor/Data/MonoBleedingEdge/etc'
Using monoOptions --debugger-agent=transport=dt_socket,embedding=1,server=y,suspend=n,address=127.0.0.1:56176
Begin MonoManager ReloadAssembly
Registering precompiled unity dll's ...
Register platform support module: D:/Program Files/Unity/2020.3.26f1/Editor/Data/PlaybackEngines/WebGLSupport/UnityEditor.WebGL.Extensions.dll
Register platform support module: D:/Program Files/Unity/2020.3.26f1/Editor/Data/PlaybackEngines/WindowsStandaloneSupport/UnityEditor.WindowsStandalone.Extensions.dll
Registered in 0.001102 seconds.
Native extension for WindowsStandalone target not found
Native extension for WebGL target not found
Refreshing native plugins compatible for Editor in 27.11 ms, found 2 plugins.
Preloading 0 native plugins for Editor in 0.00 ms.
Mono: successfully reloaded assembly
- Completed reload, in  0.486 seconds
Domain Reload Profiling:
	ReloadAssembly (486ms)
		BeginReloadAssembly (43ms)
			ExecutionOrderSort (0ms)
			DisableScriptedObjects (0ms)
			BackupInstance (0ms)
			ReleaseScriptingObjects (0ms)
			CreateAndSetChildDomain (1ms)
		EndReloadAssembly (386ms)
			LoadAssemblies (42ms)
			RebuildTransferFunctionScriptingTraits (0ms)
			SetupTypeCache (132ms)
			ReleaseScriptCaches (0ms)
			RebuildScriptCaches (29ms)
			SetupLoadedEditorAssemblies (139ms)
				LogAssemblyErrors (0ms)
				InitializePlatformSupportModulesInManaged (3ms)
				SetLoadedEditorAssemblies (0ms)
				RefreshPlugins (27ms)
				BeforeProcessingInitializeOnLoad (15ms)
				ProcessInitializeOnLoadAttributes (70ms)
				ProcessInitializeOnLoadMethodAttributes (23ms)
				AfterProcessingInitializeOnLoad (0ms)
				EditorAssembliesLoaded (0ms)
			ExecutionOrderSort2 (0ms)
			AwakeInstancesAfterBackupRestoration (0ms)
Platform modules already initialized, skipping
Registering precompiled user dll's ...
Registered in 0.003235 seconds.
Begin MonoManager ReloadAssembly
Native extension for WindowsStandalone target not found
Native extension for WebGL target not found
Refreshing native plugins compatible for Editor in 0.30 ms, found 2 plugins.
Preloading 0 native plugins for Editor in 0.00 ms.
Mono: successfully reloaded assembly
- Completed reload, in  0.834 seconds
Domain Reload Profiling:
	ReloadAssembly (835ms)
		BeginReloadAssembly (120ms)
			ExecutionOrderSort (0ms)
			DisableScriptedObjects (4ms)
			BackupInstance (0ms)
			ReleaseScriptingObjects (0ms)
			CreateAndSetChildDomain (17ms)
		EndReloadAssembly (668ms)
			LoadAssemblies (73ms)
			RebuildTransferFunctionScriptingTraits (0ms)
			SetupTypeCache (235ms)
			ReleaseScriptCaches (0ms)
			RebuildScriptCaches (35ms)
			SetupLoadedEditorAssemblies (249ms)
				LogAssemblyErrors (0ms)
				InitializePlatformSupportModulesInManaged (4ms)
				SetLoadedEditorAssemblies (0ms)
				RefreshPlugins (0ms)
				BeforeProcessingInitializeOnLoad (65ms)
				ProcessInitializeOnLoadAttributes (170ms)
				ProcessInitializeOnLoadMethodAttributes (7ms)
				AfterProcessingInitializeOnLoad (2ms)
				EditorAssembliesLoaded (0ms)
			ExecutionOrderSort2 (0ms)
			AwakeInstancesAfterBackupRestoration (5ms)
Platform modules already initialized, skipping
========================================================================
Worker process is ready to serve import requests
Launched and connected shader compiler UnityShaderCompiler.exe after 0.03 seconds
Refreshing native plugins compatible for Editor in 0.28 ms, found 2 plugins.
Preloading 0 native plugins for Editor in 0.00 ms.
Unloading 1505 Unused Serialized files (Serialized files now loaded: 0)
System memory in use before: 67.5 MB.
System memory in use after: 67.6 MB.

Unloading 19 unused Assets to reduce memory usage. Loaded Objects now: 1937.
Total: 2.521599 ms (FindLiveObjects: 0.134827 ms CreateObjectMapping: 0.051769 ms MarkObjects: 2.261333 ms  DeleteObjects: 0.072818 ms)

AssetImportParameters requested are different than current active one (requested -> active):
  custom:framework-win-MediaFoundation: 216162199b28c13a410421893ffa2e32 -> 
  custom:video-decoder-ogg-theora: a1e56fd34408186e4bbccfd4996cb3dc -> 
  custom:container-muxer-webm: aa71ff27fc2769a1b78a27578f13a17b -> 
  custom:container-demuxer-webm: 4f35f7cbe854078d1ac9338744f61a02 -> 
  custom:container-demuxer-ogg: 62fdf1f143b41e24485cea50d1cbac27 -> 
  custom:video-encoder-webm-vp8: eb34c28f22e8b96e1ab97ce403110664 -> 
  custom:video-decoder-webm-vp8: 9c59270c3fd7afecdb556c50c9e8de78 -> 
  custom:audio-decoder-ogg-vorbis: bf7c407c2cedff20999df2af8eb42d56 -> 
  custom:audio-encoder-webm-vorbis: bf7c407c2cedff20999df2af8eb42d56 -> 
========================================================================
Received Import Request.
  path: Assets/M/Mat_Trunk.mat
  artifactKey: Guid(a01ccd9cb4e65b346beba142acd5af0d) Importer(815301076,1909f56bfc062723c751e8b465ee728b)
Start importing Assets/M/Mat_Trunk.mat using Guid(a01ccd9cb4e65b346beba142acd5af0d) Importer(815301076,1909f56bfc062723c751e8b465ee728b)  -> (artifact id: 'a3aa99623135422650ceddf2c5597ca4') in 0.202126 seconds 
  Import took 0.204627 seconds .

========================================================================
Received Import Request.
  Time since last request: 18.379070 seconds.
  path: Assets/M/Mat_Leaves.mat
  artifactKey: Guid(138b921fd08acda48a17493621735e25) Importer(815301076,1909f56bfc062723c751e8b465ee728b)
Start importing Assets/M/Mat_Leaves.mat using Guid(138b921fd08acda48a17493621735e25) Importer(815301076,1909f56bfc062723c751e8b465ee728b)  -> (artifact id: 'a693f2f2116f6c83c6ee8c5bd74b1655') in 0.015308 seconds 
  Import took 0.018379 seconds .

========================================================================
Received Import Request.
  Time since last request: 259.850033 seconds.
  path: Assets/Scripts/Tree.cs
  artifactKey: Guid(1e5f40341ce5afb489488c0d4e962b65) Importer(815301076,1909f56bfc062723c751e8b465ee728b)
Start importing Assets/Scripts/Tree.cs using Guid(1e5f40341ce5afb489488c0d4e962b65) Importer(815301076,1909f56bfc062723c751e8b465ee728b)  -> (artifact id: '72867f064434b88781854b9abe86f11d') in 0.035217 seconds 
  Import took 0.038299 seconds .

========================================================================
Received Prepare
Registering precompiled user dll's ...
Registered in 0.004546 seconds.
Begin MonoManager ReloadAssembly
Native extension for WindowsStandalone target not found
Native extension for WebGL target not found
Refreshing native plugins compatible for Editor in 0.30 ms, found 2 plugins.
Preloading 0 native plugins for Editor in 0.00 ms.
Mono: successfully reloaded assembly
- Completed reload, in  0.800 seconds
Domain Reload Profiling:
	ReloadAssembly (801ms)
		BeginReloadAssembly (90ms)
			ExecutionOrderSort (0ms)
			DisableScriptedObjects (3ms)
			BackupInstance (0ms)
			ReleaseScriptingObjects (0ms)
			CreateAndSetChildDomain (27ms)
		EndReloadAssembly (661ms)
			LoadAssemblies (76ms)
			RebuildTransferFunctionScriptingTraits (0ms)
			SetupTypeCache (235ms)
			ReleaseScriptCaches (1ms)
			RebuildScriptCaches (31ms)
			SetupLoadedEditorAssemblies (241ms)
				LogAssemblyErrors (0ms)
				InitializePlatformSupportModulesInManaged (5ms)
				SetLoadedEditorAssemblies (0ms)
				RefreshPlugins (0ms)
				BeforeProcessingInitializeOnLoad (58ms)
				ProcessInitializeOnLoadAttributes (167ms)
				ProcessInitializeOnLoadMethodAttributes (7ms)
				AfterProcessingInitializeOnLoad (2ms)
				EditorAssembliesLoaded (0ms)
			ExecutionOrderSort2 (0ms)
			AwakeInstancesAfterBackupRestoration (5ms)
Platform modules already initialized, skipping
Refreshing native plugins compatible for Editor in 0.31 ms, found 2 plugins.
Preloading 0 native plugins for Editor in 0.00 ms.
Unloading 1500 Unused Serialized files (Serialized files now loaded: 0)
System memory in use before: 70.8 MB.
System memory in use after: 70.9 MB.

Unloading 14 unused Assets to reduce memory usage. Loaded Objects now: 1980.
Total: 2.372835 ms (FindLiveObjects: 0.121458 ms CreateObjectMapping: 0.048640 ms MarkObjects: 2.189084 ms  DeleteObjects: 0.013084 ms)

AssetImportParameters requested are different than current active one (requested -> active):
  custom:framework-win-MediaFoundation: 216162199b28c13a410421893ffa2e32 -> 
  custom:video-decoder-ogg-theora: a1e56fd34408186e4bbccfd4996cb3dc -> 
  custom:container-muxer-webm: aa71ff27fc2769a1b78a27578f13a17b -> 
  custom:container-demuxer-webm: 4f35f7cbe854078d1ac9338744f61a02 -> 
  custom:container-demuxer-ogg: 62fdf1f143b41e24485cea50d1cbac27 -> 
  custom:video-encoder-webm-vp8: eb34c28f22e8b96e1ab97ce403110664 -> 
  custom:video-decoder-webm-vp8: 9c59270c3fd7afecdb556c50c9e8de78 -> 
  custom:audio-decoder-ogg-vorbis: bf7c407c2cedff20999df2af8eb42d56 -> 
  custom:audio-encoder-webm-vorbis: bf7c407c2cedff20999df2af8eb42d56 -> 
========================================================================
Received Import Request.
  Time since last request: 7.129183 seconds.
  path: Assets/Scripts/Basket.cs
  artifactKey: Guid(59e8cd26e2517354fb430cbd9d5d8786) Importer(815301076,1909f56bfc062723c751e8b465ee728b)
Start importing Assets/Scripts/Basket.cs using Guid(59e8cd26e2517354fb430cbd9d5d8786) Importer(815301076,1909f56bfc062723c751e8b465ee728b)  -> (artifact id: '8cfc779f878c8f071ca32271ba1807e0') in 0.007727 seconds 
  Import took 0.009875 seconds .

========================================================================
Received Import Request.
  Time since last request: 43.494689 seconds.
  path: Assets/Scripts/Basket.cs
  artifactKey: Guid(59e8cd26e2517354fb430cbd9d5d8786) Importer(815301076,1909f56bfc062723c751e8b465ee728b)
Start importing Assets/Scripts/Basket.cs using Guid(59e8cd26e2517354fb430cbd9d5d8786) Importer(815301076,1909f56bfc062723c751e8b465ee728b)  -> (artifact id: '8d32a3b7e3b68c1bcfd888a93b52e3a1') in 0.004400 seconds 
  Import took 0.007033 seconds .

========================================================================
Received Prepare
Registering precompiled user dll's ...
Registered in 0.004029 seconds.
Begin MonoManager ReloadAssembly
Native extension for WindowsStandalone target not found
Native extension for WebGL target not found
Refreshing native plugins compatible for Editor in 0.29 ms, found 2 plugins.
Preloading 0 native plugins for Editor in 0.00 ms.
Mono: successfully reloaded assembly
- Completed reload, in  0.808 seconds
Domain Reload Profiling:
	ReloadAssembly (808ms)
		BeginReloadAssembly (100ms)
			ExecutionOrderSort (0ms)
			DisableScriptedObjects (4ms)
			BackupInstance (0ms)
			ReleaseScriptingObjects (0ms)
			CreateAndSetChildDomain (28ms)
		EndReloadAssembly (650ms)
			LoadAssemblies (69ms)
			RebuildTransferFunctionScriptingTraits (0ms)
			SetupTypeCache (238ms)
			ReleaseScriptCaches (1ms)
			RebuildScriptCaches (32ms)
			SetupLoadedEditorAssemblies (231ms)
				LogAssemblyErrors (0ms)
				InitializePlatformSupportModulesInManaged (4ms)
				SetLoadedEditorAssemblies (0ms)
				RefreshPlugins (0ms)
				BeforeProcessingInitializeOnLoad (57ms)
				ProcessInitializeOnLoadAttributes (160ms)
				ProcessInitializeOnLoadMethodAttributes (7ms)
				AfterProcessingInitializeOnLoad (2ms)
				EditorAssembliesLoaded (0ms)
			ExecutionOrderSort2 (0ms)
			AwakeInstancesAfterBackupRestoration (5ms)
Platform modules already initialized, skipping
Refreshing native plugins compatible for Editor in 0.29 ms, found 2 plugins.
Preloading 0 native plugins for Editor in 0.00 ms.
Unloading 1500 Unused Serialized files (Serialized files now loaded: 0)
System memory in use before: 70.8 MB.
System memory in use after: 70.9 MB.

Unloading 14 unused Assets to reduce memory usage. Loaded Objects now: 1982.
Total: 2.467270 ms (FindLiveObjects: 0.123449 ms CreateObjectMapping: 0.039253 ms MarkObjects: 2.290346 ms  DeleteObjects: 0.013369 ms)

AssetImportParameters requested are different than current active one (requested -> active):
  custom:framework-win-MediaFoundation: 216162199b28c13a410421893ffa2e32 -> 
  custom:video-decoder-ogg-theora: a1e56fd34408186e4bbccfd4996cb3dc -> 
  custom:container-muxer-webm: aa71ff27fc2769a1b78a27578f13a17b -> 
  custom:container-demuxer-webm: 4f35f7cbe854078d1ac9338744f61a02 -> 
  custom:container-demuxer-ogg: 62fdf1f143b41e24485cea50d1cbac27 -> 
  custom:video-encoder-webm-vp8: eb34c28f22e8b96e1ab97ce403110664 -> 
  custom:video-decoder-webm-vp8: 9c59270c3fd7afecdb556c50c9e8de78 -> 
  custom:audio-decoder-ogg-vorbis: bf7c407c2cedff20999df2af8eb42d56 -> 
  custom:audio-encoder-webm-vorbis: bf7c407c2cedff20999df2af8eb42d56 -> 
========================================================================
Received Prepare
Registering precompiled user dll's ...
Registered in 0.131162 seconds.
Begin MonoManager ReloadAssembly
Native extension for WindowsStandalone target not found
Native extension for WebGL target not found
Refreshing native plugins compatible for Editor in 0.29 ms, found 2 plugins.
Preloading 0 native plugins for Editor in 0.00 ms.
Mono: successfully reloaded assembly
- Completed reload, in  0.770 seconds
Domain Reload Profiling:
	ReloadAssembly (770ms)
		BeginReloadAssembly (96ms)
			ExecutionOrderSort (0ms)
			DisableScriptedObjects (4ms)
			BackupInstance (0ms)
			ReleaseScriptingObjects (0ms)
			CreateAndSetChildDomain (30ms)
		EndReloadAssembly (626ms)
			LoadAssemblies (69ms)
			RebuildTransferFunctionScriptingTraits (0ms)
			SetupTypeCache (230ms)
			ReleaseScriptCaches (1ms)
			RebuildScriptCaches (31ms)
			SetupLoadedEditorAssemblies (218ms)
				LogAssemblyErrors (0ms)
				InitializePlatformSupportModulesInManaged (4ms)
				SetLoadedEditorAssemblies (0ms)
				RefreshPlugins (0ms)
				BeforeProcessingInitializeOnLoad (55ms)
				ProcessInitializeOnLoadAttributes (149ms)
				ProcessInitializeOnLoadMethodAttributes (6ms)
				AfterProcessingInitializeOnLoad (2ms)
				EditorAssembliesLoaded (0ms)
			ExecutionOrderSort2 (0ms)
			AwakeInstancesAfterBackupRestoration (6ms)
Platform modules already initialized, skipping
Refreshing native plugins compatible for Editor in 0.34 ms, found 2 plugins.
Preloading 0 native plugins for Editor in 0.00 ms.
Unloading 1500 Unused Serialized files (Serialized files now loaded: 0)
System memory in use before: 70.8 MB.
System memory in use after: 70.9 MB.

Unloading 14 unused Assets to reduce memory usage. Loaded Objects now: 1984.
Total: 2.363733 ms (FindLiveObjects: 0.132551 ms CreateObjectMapping: 0.036693 ms MarkObjects: 2.179982 ms  DeleteObjects: 0.013653 ms)

AssetImportParameters requested are different than current active one (requested -> active):
  custom:framework-win-MediaFoundation: 216162199b28c13a410421893ffa2e32 -> 
  custom:video-decoder-ogg-theora: a1e56fd34408186e4bbccfd4996cb3dc -> 
  custom:container-muxer-webm: aa71ff27fc2769a1b78a27578f13a17b -> 
  custom:container-demuxer-webm: 4f35f7cbe854078d1ac9338744f61a02 -> 
  custom:container-demuxer-ogg: 62fdf1f143b41e24485cea50d1cbac27 -> 
  custom:video-encoder-webm-vp8: eb34c28f22e8b96e1ab97ce403110664 -> 
  custom:video-decoder-webm-vp8: 9c59270c3fd7afecdb556c50c9e8de78 -> 
  custom:audio-decoder-ogg-vorbis: bf7c407c2cedff20999df2af8eb42d56 -> 
  custom:audio-encoder-webm-vorbis: bf7c407c2cedff20999df2af8eb42d56 -> 
========================================================================
Received Prepare
Registering precompiled user dll's ...
Registered in 0.003029 seconds.
Begin MonoManager ReloadAssembly
Native extension for WindowsStandalone target not found
Native extension for WebGL target not found
Refreshing native plugins compatible for Editor in 0.30 ms, found 2 plugins.
Preloading 0 native plugins for Editor in 0.00 ms.
Mono: successfully reloaded assembly
- Completed reload, in  0.770 seconds
Domain Reload Profiling:
	ReloadAssembly (771ms)
		BeginReloadAssembly (82ms)
			ExecutionOrderSort (0ms)
			DisableScriptedObjects (4ms)
			BackupInstance (0ms)
			ReleaseScriptingObjects (0ms)
			CreateAndSetChildDomain (24ms)
		EndReloadAssembly (641ms)
			LoadAssemblies (70ms)
			RebuildTransferFunctionScriptingTraits (0ms)
			SetupTypeCache (228ms)
			ReleaseScriptCaches (1ms)
			RebuildScriptCaches (31ms)
			SetupLoadedEditorAssemblies (232ms)
				LogAssemblyErrors (0ms)
				InitializePlatformSupportModulesInManaged (4ms)
				SetLoadedEditorAssemblies (0ms)
				RefreshPlugins (0ms)
				BeforeProcessingInitializeOnLoad (58ms)
				ProcessInitializeOnLoadAttributes (160ms)
				ProcessInitializeOnLoadMethodAttributes (7ms)
				AfterProcessingInitializeOnLoad (2ms)
				EditorAssembliesLoaded (0ms)
			ExecutionOrderSort2 (0ms)
			AwakeInstancesAfterBackupRestoration (6ms)
Platform modules already initialized, skipping
Refreshing native plugins compatible for Editor in 0.30 ms, found 2 plugins.
Preloading 0 native plugins for Editor in 0.00 ms.
Unloading 1500 Unused Serialized files (Serialized files now loaded: 0)
System memory in use before: 70.8 MB.
System memory in use after: 70.9 MB.

Unloading 14 unused Assets to reduce memory usage. Loaded Objects now: 1986.
Total: 2.255359 ms (FindLiveObjects: 0.107236 ms CreateObjectMapping: 0.040676 ms MarkObjects: 2.092942 ms  DeleteObjects: 0.013369 ms)

AssetImportParameters requested are different than current active one (requested -> active):
  custom:framework-win-MediaFoundation: 216162199b28c13a410421893ffa2e32 -> 
  custom:video-decoder-ogg-theora: a1e56fd34408186e4bbccfd4996cb3dc -> 
  custom:container-muxer-webm: aa71ff27fc2769a1b78a27578f13a17b -> 
  custom:container-demuxer-webm: 4f35f7cbe854078d1ac9338744f61a02 -> 
  custom:container-demuxer-ogg: 62fdf1f143b41e24485cea50d1cbac27 -> 
  custom:video-encoder-webm-vp8: eb34c28f22e8b96e1ab97ce403110664 -> 
  custom:video-decoder-webm-vp8: 9c59270c3fd7afecdb556c50c9e8de78 -> 
  custom:audio-decoder-ogg-vorbis: bf7c407c2cedff20999df2af8eb42d56 -> 
  custom:audio-encoder-webm-vorbis: bf7c407c2cedff20999df2af8eb42d56 -> 
========================================================================
Received Prepare
Registering precompiled user dll's ...
Registered in 0.002939 seconds.
Begin MonoManager ReloadAssembly
Native extension for WindowsStandalone target not found
Native extension for WebGL target not found
Refreshing native plugins compatible for Editor in 0.30 ms, found 2 plugins.
Preloading 0 native plugins for Editor in 0.00 ms.
Mono: successfully reloaded assembly
- Completed reload, in  0.769 seconds
Domain Reload Profiling:
	ReloadAssembly (770ms)
		BeginReloadAssembly (82ms)
			ExecutionOrderSort (0ms)
			DisableScriptedObjects (4ms)
			BackupInstance (0ms)
			ReleaseScriptingObjects (0ms)
			CreateAndSetChildDomain (26ms)
		EndReloadAssembly (642ms)
			LoadAssemblies (67ms)
			RebuildTransferFunctionScriptingTraits (0ms)
			SetupTypeCache (226ms)
			ReleaseScriptCaches (1ms)
			RebuildScriptCaches (31ms)
			SetupLoadedEditorAssemblies (240ms)
				LogAssemblyErrors (0ms)
				InitializePlatformSupportModulesInManaged (4ms)
				SetLoadedEditorAssemblies (0ms)
				RefreshPlugins (0ms)
				BeforeProcessingInitializeOnLoad (58ms)
				ProcessInitializeOnLoadAttributes (169ms)
				ProcessInitializeOnLoadMethodAttributes (7ms)
				AfterProcessingInitializeOnLoad (2ms)
				EditorAssembliesLoaded (0ms)
			ExecutionOrderSort2 (0ms)
			AwakeInstancesAfterBackupRestoration (5ms)
Platform modules already initialized, skipping
Refreshing native plugins compatible for Editor in 0.40 ms, found 2 plugins.
Preloading 0 native plugins for Editor in 0.00 ms.
Unloading 1500 Unused Serialized files (Serialized files now loaded: 0)
System memory in use before: 70.8 MB.
System memory in use after: 71.0 MB.

Unloading 14 unused Assets to reduce memory usage. Loaded Objects now: 1988.
Total: 2.374542 ms (FindLiveObjects: 0.109227 ms CreateObjectMapping: 0.038684 ms MarkObjects: 2.212408 ms  DeleteObjects: 0.013653 ms)

AssetImportParameters requested are different than current active one (requested -> active):
  custom:framework-win-MediaFoundation: 216162199b28c13a410421893ffa2e32 -> 
  custom:video-decoder-ogg-theora: a1e56fd34408186e4bbccfd4996cb3dc -> 
  custom:container-muxer-webm: aa71ff27fc2769a1b78a27578f13a17b -> 
  custom:container-demuxer-webm: 4f35f7cbe854078d1ac9338744f61a02 -> 
  custom:container-demuxer-ogg: 62fdf1f143b41e24485cea50d1cbac27 -> 
  custom:video-encoder-webm-vp8: eb34c28f22e8b96e1ab97ce403110664 -> 
  custom:video-decoder-webm-vp8: 9c59270c3fd7afecdb556c50c9e8de78 -> 
  custom:audio-decoder-ogg-vorbis: bf7c407c2cedff20999df2af8eb42d56 -> 
  custom:audio-encoder-webm-vorbis: bf7c407c2cedff20999df2af8eb42d56 -> 
========================================================================
Received Import Request.
  Time since last request: 927.142434 seconds.
  path: Assets/Scripts/Basket.cs
  artifactKey: Guid(59e8cd26e2517354fb430cbd9d5d8786) Importer(815301076,1909f56bfc062723c751e8b465ee728b)
Start importing Assets/Scripts/Basket.cs using Guid(59e8cd26e2517354fb430cbd9d5d8786) Importer(815301076,1909f56bfc062723c751e8b465ee728b)  -> (artifact id: '65eb57149769df814c9ef710b0570767') in 0.008136 seconds 
  Import took 0.010781 seconds .

========================================================================
Received Import Request.
  Time since last request: 1.468737 seconds.
  path: Assets/Scripts/Basket.cs
  artifactKey: Guid(59e8cd26e2517354fb430cbd9d5d8786) Importer(815301076,1909f56bfc062723c751e8b465ee728b)
Start importing Assets/Scripts/Basket.cs using Guid(59e8cd26e2517354fb430cbd9d5d8786) Importer(815301076,1909f56bfc062723c751e8b465ee728b)  -> (artifact id: 'a9197b515b02ce65d3208bbf57a43bae') in 0.003682 seconds 
  Import took 0.005914 seconds .

========================================================================
Received Import Request.
  Time since last request: 5.189795 seconds.
  path: Assets/Scripts/Basket.cs
  artifactKey: Guid(59e8cd26e2517354fb430cbd9d5d8786) Importer(815301076,1909f56bfc062723c751e8b465ee728b)
Start importing Assets/Scripts/Basket.cs using Guid(59e8cd26e2517354fb430cbd9d5d8786) Importer(815301076,1909f56bfc062723c751e8b465ee728b)  -> (artifact id: 'b0cfb940b7f898fa35a7657893239f5f') in 0.004613 seconds 
  Import took 0.007487 seconds .

========================================================================
Received Import Request.
  Time since last request: 18.126171 seconds.
  path: Assets/Scripts/Basket.cs
  artifactKey: Guid(59e8cd26e2517354fb430cbd9d5d8786) Importer(815301076,1909f56bfc062723c751e8b465ee728b)
Start importing Assets/Scripts/Basket.cs using Guid(59e8cd26e2517354fb430cbd9d5d8786) Importer(815301076,1909f56bfc062723c751e8b465ee728b)  -> (artifact id: 'c9aaf1260da28fc4483daf3f14aab5a8') in 0.002516 seconds 
  Import took 0.004900 seconds .

========================================================================
Received Prepare
Registering precompiled user dll's ...
Registered in 0.003126 seconds.
Begin MonoManager ReloadAssembly
Native extension for WindowsStandalone target not found
Native extension for WebGL target not found
Refreshing native plugins compatible for Editor in 0.36 ms, found 2 plugins.
Preloading 0 native plugins for Editor in 0.00 ms.
Mono: successfully reloaded assembly
- Completed reload, in  0.820 seconds
Domain Reload Profiling:
	ReloadAssembly (821ms)
		BeginReloadAssembly (87ms)
			ExecutionOrderSort (0ms)
			DisableScriptedObjects (4ms)
			BackupInstance (0ms)
			ReleaseScriptingObjects (0ms)
			CreateAndSetChildDomain (25ms)
		EndReloadAssembly (683ms)
			LoadAssemblies (71ms)
			RebuildTransferFunctionScriptingTraits (0ms)
			SetupTypeCache (242ms)
			ReleaseScriptCaches (1ms)
			RebuildScriptCaches (32ms)
			SetupLoadedEditorAssemblies (256ms)
				LogAssemblyErrors (0ms)
				InitializePlatformSupportModulesInManaged (4ms)
				SetLoadedEditorAssemblies (0ms)
				RefreshPlugins (0ms)
				BeforeProcessingInitializeOnLoad (56ms)
				ProcessInitializeOnLoadAttributes (179ms)
				ProcessInitializeOnLoadMethodAttributes (12ms)
				AfterProcessingInitializeOnLoad (3ms)
				EditorAssembliesLoaded (0ms)
			ExecutionOrderSort2 (0ms)
			AwakeInstancesAfterBackupRestoration (7ms)
Platform modules already initialized, skipping
Refreshing native plugins compatible for Editor in 0.30 ms, found 2 plugins.
Preloading 0 native plugins for Editor in 0.00 ms.
Unloading 1500 Unused Serialized files (Serialized files now loaded: 0)
System memory in use before: 70.8 MB.
System memory in use after: 71.0 MB.

Unloading 14 unused Assets to reduce memory usage. Loaded Objects now: 1990.
Total: 2.323057 ms (FindLiveObjects: 0.126009 ms CreateObjectMapping: 0.042098 ms MarkObjects: 2.141582 ms  DeleteObjects: 0.012516 ms)

AssetImportParameters requested are different than current active one (requested -> active):
  custom:framework-win-MediaFoundation: 216162199b28c13a410421893ffa2e32 -> 
  custom:video-decoder-ogg-theora: a1e56fd34408186e4bbccfd4996cb3dc -> 
  custom:container-muxer-webm: aa71ff27fc2769a1b78a27578f13a17b -> 
  custom:container-demuxer-webm: 4f35f7cbe854078d1ac9338744f61a02 -> 
  custom:container-demuxer-ogg: 62fdf1f143b41e24485cea50d1cbac27 -> 
  custom:video-encoder-webm-vp8: eb34c28f22e8b96e1ab97ce403110664 -> 
  custom:video-decoder-webm-vp8: 9c59270c3fd7afecdb556c50c9e8de78 -> 
  custom:audio-decoder-ogg-vorbis: bf7c407c2cedff20999df2af8eb42d56 -> 
  custom:audio-encoder-webm-vorbis: bf7c407c2cedff20999df2af8eb42d56 -> 
========================================================================
Received Prepare
Registering precompiled user dll's ...
Registered in 0.002995 seconds.
Begin MonoManager ReloadAssembly
Native extension for WindowsStandalone target not found
Native extension for WebGL target not found
Refreshing native plugins compatible for Editor in 0.33 ms, found 2 plugins.
Preloading 0 native plugins for Editor in 0.00 ms.
Mono: successfully reloaded assembly
- Completed reload, in  0.823 seconds
Domain Reload Profiling:
	ReloadAssembly (823ms)
		BeginReloadAssembly (103ms)
			ExecutionOrderSort (0ms)
			DisableScriptedObjects (4ms)
			BackupInstance (0ms)
			ReleaseScriptingObjects (0ms)
			CreateAndSetChildDomain (25ms)
		EndReloadAssembly (671ms)
			LoadAssemblies (83ms)
			RebuildTransferFunctionScriptingTraits (0ms)
			SetupTypeCache (243ms)
			ReleaseScriptCaches (1ms)
			RebuildScriptCaches (35ms)
			SetupLoadedEditorAssemblies (233ms)
				LogAssemblyErrors (0ms)
				InitializePlatformSupportModulesInManaged (4ms)
				SetLoadedEditorAssemblies (0ms)
				RefreshPlugins (0ms)
				BeforeProcessingInitializeOnLoad (58ms)
				ProcessInitializeOnLoadAttributes (161ms)
				ProcessInitializeOnLoadMethodAttributes (7ms)
				AfterProcessingInitializeOnLoad (2ms)
				EditorAssembliesLoaded (0ms)
			ExecutionOrderSort2 (0ms)
			AwakeInstancesAfterBackupRestoration (5ms)
Platform modules already initialized, skipping
Refreshing native plugins compatible for Editor in 0.29 ms, found 2 plugins.
Preloading 0 native plugins for Editor in 0.00 ms.
Unloading 1500 Unused Serialized files (Serialized files now loaded: 0)
System memory in use before: 70.9 MB.
System memory in use after: 71.0 MB.

Unloading 14 unused Assets to reduce memory usage. Loaded Objects now: 1992.
Total: 2.457599 ms (FindLiveObjects: 0.130560 ms CreateObjectMapping: 0.036978 ms MarkObjects: 2.275270 ms  DeleteObjects: 0.013938 ms)

AssetImportParameters requested are different than current active one (requested -> active):
  custom:framework-win-MediaFoundation: 216162199b28c13a410421893ffa2e32 -> 
  custom:video-decoder-ogg-theora: a1e56fd34408186e4bbccfd4996cb3dc -> 
  custom:container-muxer-webm: aa71ff27fc2769a1b78a27578f13a17b -> 
  custom:container-demuxer-webm: 4f35f7cbe854078d1ac9338744f61a02 -> 
  custom:container-demuxer-ogg: 62fdf1f143b41e24485cea50d1cbac27 -> 
  custom:video-encoder-webm-vp8: eb34c28f22e8b96e1ab97ce403110664 -> 
  custom:video-decoder-webm-vp8: 9c59270c3fd7afecdb556c50c9e8de78 -> 
  custom:audio-decoder-ogg-vorbis: bf7c407c2cedff20999df2af8eb42d56 -> 
  custom:audio-encoder-webm-vorbis: bf7c407c2cedff20999df2af8eb42d56 -> 
========================================================================
Received Prepare
Registering precompiled user dll's ...
Registered in 0.002992 seconds.
Begin MonoManager ReloadAssembly
Native extension for WindowsStandalone target not found
Native extension for WebGL target not found
Refreshing native plugins compatible for Editor in 0.29 ms, found 2 plugins.
Preloading 0 native plugins for Editor in 0.00 ms.
Mono: successfully reloaded assembly
- Completed reload, in  0.804 seconds
Domain Reload Profiling:
	ReloadAssembly (804ms)
		BeginReloadAssembly (89ms)
			ExecutionOrderSort (0ms)
			DisableScriptedObjects (4ms)
			BackupInstance (0ms)
			ReleaseScriptingObjects (0ms)
			CreateAndSetChildDomain (24ms)
		EndReloadAssembly (668ms)
			LoadAssemblies (69ms)
			RebuildTransferFunctionScriptingTraits (0ms)
			SetupTypeCache (256ms)
			ReleaseScriptCaches (1ms)
			RebuildScriptCaches (34ms)
			SetupLoadedEditorAssemblies (230ms)
				LogAssemblyErrors (0ms)
				InitializePlatformSupportModulesInManaged (5ms)
				SetLoadedEditorAssemblies (0ms)
				RefreshPlugins (0ms)
				BeforeProcessingInitializeOnLoad (56ms)
				ProcessInitializeOnLoadAttributes (159ms)
				ProcessInitializeOnLoadMethodAttributes (7ms)
				AfterProcessingInitializeOnLoad (2ms)
				EditorAssembliesLoaded (0ms)
			ExecutionOrderSort2 (0ms)
			AwakeInstancesAfterBackupRestoration (5ms)
Platform modules already initialized, skipping
Refreshing native plugins compatible for Editor in 0.30 ms, found 2 plugins.
Preloading 0 native plugins for Editor in 0.00 ms.
Unloading 1500 Unused Serialized files (Serialized files now loaded: 0)
System memory in use before: 70.9 MB.
System memory in use after: 71.0 MB.

Unloading 14 unused Assets to reduce memory usage. Loaded Objects now: 1994.
Total: 2.284088 ms (FindLiveObjects: 0.113493 ms CreateObjectMapping: 0.041529 ms MarkObjects: 2.114844 ms  DeleteObjects: 0.013084 ms)

AssetImportParameters requested are different than current active one (requested -> active):
  custom:framework-win-MediaFoundation: 216162199b28c13a410421893ffa2e32 -> 
  custom:video-decoder-ogg-theora: a1e56fd34408186e4bbccfd4996cb3dc -> 
  custom:container-muxer-webm: aa71ff27fc2769a1b78a27578f13a17b -> 
  custom:container-demuxer-webm: 4f35f7cbe854078d1ac9338744f61a02 -> 
  custom:container-demuxer-ogg: 62fdf1f143b41e24485cea50d1cbac27 -> 
  custom:video-encoder-webm-vp8: eb34c28f22e8b96e1ab97ce403110664 -> 
  custom:video-decoder-webm-vp8: 9c59270c3fd7afecdb556c50c9e8de78 -> 
  custom:audio-decoder-ogg-vorbis: bf7c407c2cedff20999df2af8eb42d56 -> 
  custom:audio-encoder-webm-vorbis: bf7c407c2cedff20999df2af8eb42d56 -> 
========================================================================
Received Prepare
Registering precompiled user dll's ...
Registered in 0.003847 seconds.
Begin MonoManager ReloadAssembly
Native extension for WindowsStandalone target not found
Native extension for WebGL target not found
Refreshing native plugins compatible for Editor in 0.32 ms, found 2 plugins.
Preloading 0 native plugins for Editor in 0.00 ms.
Mono: successfully reloaded assembly
- Completed reload, in  0.822 seconds
Domain Reload Profiling:
	ReloadAssembly (822ms)
		BeginReloadAssembly (94ms)
			ExecutionOrderSort (0ms)
			DisableScriptedObjects (4ms)
			BackupInstance (0ms)
			ReleaseScriptingObjects (0ms)
			CreateAndSetChildDomain (27ms)
		EndReloadAssembly (674ms)
			LoadAssemblies (77ms)
			RebuildTransferFunctionScriptingTraits (0ms)
			SetupTypeCache (237ms)
			ReleaseScriptCaches (1ms)
			RebuildScriptCaches (34ms)
			SetupLoadedEditorAssemblies (252ms)
				LogAssemblyErrors (0ms)
				InitializePlatformSupportModulesInManaged (6ms)
				SetLoadedEditorAssemblies (1ms)
				RefreshPlugins (0ms)
				BeforeProcessingInitializeOnLoad (67ms)
				ProcessInitializeOnLoadAttributes (169ms)
				ProcessInitializeOnLoadMethodAttributes (7ms)
				AfterProcessingInitializeOnLoad (2ms)
				EditorAssembliesLoaded (0ms)
			ExecutionOrderSort2 (0ms)
			AwakeInstancesAfterBackupRestoration (5ms)
Platform modules already initialized, skipping
Refreshing native plugins compatible for Editor in 0.30 ms, found 2 plugins.
Preloading 0 native plugins for Editor in 0.00 ms.
Unloading 1500 Unused Serialized files (Serialized files now loaded: 0)
System memory in use before: 70.9 MB.
System memory in use after: 71.0 MB.

Unloading 14 unused Assets to reduce memory usage. Loaded Objects now: 1996.
Total: 2.587021 ms (FindLiveObjects: 0.136533 ms CreateObjectMapping: 0.042382 ms MarkObjects: 2.367715 ms  DeleteObjects: 0.039538 ms)

AssetImportParameters requested are different than current active one (requested -> active):
  custom:framework-win-MediaFoundation: 216162199b28c13a410421893ffa2e32 -> 
  custom:video-decoder-ogg-theora: a1e56fd34408186e4bbccfd4996cb3dc -> 
  custom:container-muxer-webm: aa71ff27fc2769a1b78a27578f13a17b -> 
  custom:container-demuxer-webm: 4f35f7cbe854078d1ac9338744f61a02 -> 
  custom:container-demuxer-ogg: 62fdf1f143b41e24485cea50d1cbac27 -> 
  custom:video-encoder-webm-vp8: eb34c28f22e8b96e1ab97ce403110664 -> 
  custom:video-decoder-webm-vp8: 9c59270c3fd7afecdb556c50c9e8de78 -> 
  custom:audio-decoder-ogg-vorbis: bf7c407c2cedff20999df2af8eb42d56 -> 
  custom:audio-encoder-webm-vorbis: bf7c407c2cedff20999df2af8eb42d56 -> 
========================================================================
Received Prepare
Registering precompiled user dll's ...
Registered in 0.002976 seconds.
Begin MonoManager ReloadAssembly
Native extension for WindowsStandalone target not found
Native extension for WebGL target not found
Refreshing native plugins compatible for Editor in 0.48 ms, found 2 plugins.
Preloading 0 native plugins for Editor in 0.00 ms.
Mono: successfully reloaded assembly
- Completed reload, in  0.825 seconds
Domain Reload Profiling:
	ReloadAssembly (826ms)
		BeginReloadAssembly (88ms)
			ExecutionOrderSort (0ms)
			DisableScriptedObjects (4ms)
			BackupInstance (0ms)
			ReleaseScriptingObjects (0ms)
			CreateAndSetChildDomain (24ms)
		EndReloadAssembly (690ms)
			LoadAssemblies (72ms)
			RebuildTransferFunctionScriptingTraits (0ms)
			SetupTypeCache (236ms)
			ReleaseScriptCaches (1ms)
			RebuildScriptCaches (36ms)
			SetupLoadedEditorAssemblies (255ms)
				LogAssemblyErrors (0ms)
				InitializePlatformSupportModulesInManaged (5ms)
				SetLoadedEditorAssemblies (1ms)
				RefreshPlugins (1ms)
				BeforeProcessingInitializeOnLoad (65ms)
				ProcessInitializeOnLoadAttributes (172ms)
				ProcessInitializeOnLoadMethodAttributes (10ms)
				AfterProcessingInitializeOnLoad (3ms)
				EditorAssembliesLoaded (0ms)
			ExecutionOrderSort2 (0ms)
			AwakeInstancesAfterBackupRestoration (6ms)
Platform modules already initialized, skipping
Refreshing native plugins compatible for Editor in 0.29 ms, found 2 plugins.
Preloading 0 native plugins for Editor in 0.00 ms.
Unloading 1500 Unused Serialized files (Serialized files now loaded: 0)
System memory in use before: 70.9 MB.
System memory in use after: 71.0 MB.

Unloading 14 unused Assets to reduce memory usage. Loaded Objects now: 1998.
Total: 2.458453 ms (FindLiveObjects: 0.130844 ms CreateObjectMapping: 0.040391 ms MarkObjects: 2.271573 ms  DeleteObjects: 0.014791 ms)

AssetImportParameters requested are different than current active one (requested -> active):
  custom:framework-win-MediaFoundation: 216162199b28c13a410421893ffa2e32 -> 
  custom:video-decoder-ogg-theora: a1e56fd34408186e4bbccfd4996cb3dc -> 
  custom:container-muxer-webm: aa71ff27fc2769a1b78a27578f13a17b -> 
  custom:container-demuxer-webm: 4f35f7cbe854078d1ac9338744f61a02 -> 
  custom:container-demuxer-ogg: 62fdf1f143b41e24485cea50d1cbac27 -> 
  custom:video-encoder-webm-vp8: eb34c28f22e8b96e1ab97ce403110664 -> 
  custom:video-decoder-webm-vp8: 9c59270c3fd7afecdb556c50c9e8de78 -> 
  custom:audio-decoder-ogg-vorbis: bf7c407c2cedff20999df2af8eb42d56 -> 
  custom:audio-encoder-webm-vorbis: bf7c407c2cedff20999df2af8eb42d56 -> 
========================================================================
Received Prepare
Registering precompiled user dll's ...
Registered in 0.002967 seconds.
Begin MonoManager ReloadAssembly
Native extension for WindowsStandalone target not found
Native extension for WebGL target not found
Refreshing native plugins compatible for Editor in 0.29 ms, found 2 plugins.
Preloading 0 native plugins for Editor in 0.00 ms.
Mono: successfully reloaded assembly
- Completed reload, in  0.818 seconds
Domain Reload Profiling:
	ReloadAssembly (819ms)
		BeginReloadAssembly (97ms)
			ExecutionOrderSort (0ms)
			DisableScriptedObjects (5ms)
			BackupInstance (0ms)
			ReleaseScriptingObjects (0ms)
			CreateAndSetChildDomain (23ms)
		EndReloadAssembly (669ms)
			LoadAssemblies (75ms)
			RebuildTransferFunctionScriptingTraits (0ms)
			SetupTypeCache (253ms)
			ReleaseScriptCaches (1ms)
			RebuildScriptCaches (32ms)
			SetupLoadedEditorAssemblies (226ms)
				LogAssemblyErrors (0ms)
				InitializePlatformSupportModulesInManaged (4ms)
				SetLoadedEditorAssemblies (0ms)
				RefreshPlugins (0ms)
				BeforeProcessingInitializeOnLoad (56ms)
				ProcessInitializeOnLoadAttributes (156ms)
				ProcessInitializeOnLoadMethodAttributes (7ms)
				AfterProcessingInitializeOnLoad (2ms)
				EditorAssembliesLoaded (0ms)
			ExecutionOrderSort2 (0ms)
			AwakeInstancesAfterBackupRestoration (6ms)
Platform modules already initialized, skipping
Refreshing native plugins compatible for Editor in 0.29 ms, found 2 plugins.
Preloading 0 native plugins for Editor in 0.00 ms.
Unloading 1500 Unused Serialized files (Serialized files now loaded: 0)
System memory in use before: 70.9 MB.
System memory in use after: 71.0 MB.

Unloading 14 unused Assets to reduce memory usage. Loaded Objects now: 2000.
Total: 2.155519 ms (FindLiveObjects: 0.104960 ms CreateObjectMapping: 0.038400 ms MarkObjects: 1.999075 ms  DeleteObjects: 0.012231 ms)

AssetImportParameters requested are different than current active one (requested -> active):
  custom:framework-win-MediaFoundation: 216162199b28c13a410421893ffa2e32 -> 
  custom:video-decoder-ogg-theora: a1e56fd34408186e4bbccfd4996cb3dc -> 
  custom:container-muxer-webm: aa71ff27fc2769a1b78a27578f13a17b -> 
  custom:container-demuxer-webm: 4f35f7cbe854078d1ac9338744f61a02 -> 
  custom:container-demuxer-ogg: 62fdf1f143b41e24485cea50d1cbac27 -> 
  custom:video-encoder-webm-vp8: eb34c28f22e8b96e1ab97ce403110664 -> 
  custom:video-decoder-webm-vp8: 9c59270c3fd7afecdb556c50c9e8de78 -> 
  custom:audio-decoder-ogg-vorbis: bf7c407c2cedff20999df2af8eb42d56 -> 
  custom:audio-encoder-webm-vorbis: bf7c407c2cedff20999df2af8eb42d56 -> 
========================================================================
Received Import Request.
  Time since last request: 671.501806 seconds.
  path: Assets/Scripts/Basket.cs
  artifactKey: Guid(59e8cd26e2517354fb430cbd9d5d8786) Importer(815301076,1909f56bfc062723c751e8b465ee728b)
Start importing Assets/Scripts/Basket.cs using Guid(59e8cd26e2517354fb430cbd9d5d8786) Importer(815301076,1909f56bfc062723c751e8b465ee728b)  -> (artifact id: '4a4c249423631cc2ef9bb84609e8b602') in 0.005456 seconds 
  Import took 0.007765 seconds .

========================================================================
Received Import Request.
  Time since last request: 239.069371 seconds.
  path: Assets/Scripts/ApplePicker.cs
  artifactKey: Guid(dd5a9336ab17f554c8d91ab6c93b5cd2) Importer(815301076,1909f56bfc062723c751e8b465ee728b)
Start importing Assets/Scripts/ApplePicker.cs using Guid(dd5a9336ab17f554c8d91ab6c93b5cd2) Importer(815301076,1909f56bfc062723c751e8b465ee728b)  -> (artifact id: '73d5287be9c8c2cc4633b21f4902cca3') in 0.026377 seconds 
  Import took 0.029162 seconds .

========================================================================
Received Import Request.
  Time since last request: 33.349765 seconds.
  path: Assets/Scripts/ApplePicker.cs
  artifactKey: Guid(dd5a9336ab17f554c8d91ab6c93b5cd2) Importer(815301076,1909f56bfc062723c751e8b465ee728b)
Start importing Assets/Scripts/ApplePicker.cs using Guid(dd5a9336ab17f554c8d91ab6c93b5cd2) Importer(815301076,1909f56bfc062723c751e8b465ee728b)  -> (artifact id: '85db4c427ec77caf869da77db4a15e70') in 0.002976 seconds 
  Import took 0.005522 seconds .

========================================================================
Received Import Request.
  Time since last request: 26.115740 seconds.
  path: Assets/Scripts/ApplePicker.cs
  artifactKey: Guid(dd5a9336ab17f554c8d91ab6c93b5cd2) Importer(815301076,1909f56bfc062723c751e8b465ee728b)
Start importing Assets/Scripts/ApplePicker.cs using Guid(dd5a9336ab17f554c8d91ab6c93b5cd2) Importer(815301076,1909f56bfc062723c751e8b465ee728b)  -> (artifact id: 'a019c2881b727c6d9edc3f303189f5f1') in 0.003807 seconds 
  Import took 0.022141 seconds .

========================================================================
Received Import Request.
  Time since last request: 14.100107 seconds.
  path: Assets/Scripts/ApplePicker.cs
  artifactKey: Guid(dd5a9336ab17f554c8d91ab6c93b5cd2) Importer(815301076,1909f56bfc062723c751e8b465ee728b)
Start importing Assets/Scripts/ApplePicker.cs using Guid(dd5a9336ab17f554c8d91ab6c93b5cd2) Importer(815301076,1909f56bfc062723c751e8b465ee728b)  -> (artifact id: 'ad3bf6096f6ca38a75224c62f68cbaf0') in 0.004392 seconds 
  Import took 0.007152 seconds .

========================================================================
Received Import Request.
  Time since last request: 17.014152 seconds.
  path: Assets/Scripts/ApplePicker.cs
  artifactKey: Guid(dd5a9336ab17f554c8d91ab6c93b5cd2) Importer(815301076,1909f56bfc062723c751e8b465ee728b)
Start importing Assets/Scripts/ApplePicker.cs using Guid(dd5a9336ab17f554c8d91ab6c93b5cd2) Importer(815301076,1909f56bfc062723c751e8b465ee728b)  -> (artifact id: 'cfa1fc33025ce7b7a2b5958991f27603') in 0.004407 seconds 
  Import took 0.007107 seconds .

========================================================================
Received Import Request.
  Time since last request: 36.061420 seconds.
  path: Assets/Scripts/ApplePicker.cs
  artifactKey: Guid(dd5a9336ab17f554c8d91ab6c93b5cd2) Importer(815301076,1909f56bfc062723c751e8b465ee728b)
Start importing Assets/Scripts/ApplePicker.cs using Guid(dd5a9336ab17f554c8d91ab6c93b5cd2) Importer(815301076,1909f56bfc062723c751e8b465ee728b)  -> (artifact id: '12cd363f20b1a1079deded1a9dd8c7e1') in 0.004021 seconds 
  Import took 0.006709 seconds .

========================================================================
Received Import Request.
  Time since last request: 21.947194 seconds.
  path: Assets/Scripts/ApplePicker.cs
  artifactKey: Guid(dd5a9336ab17f554c8d91ab6c93b5cd2) Importer(815301076,1909f56bfc062723c751e8b465ee728b)
Start importing Assets/Scripts/ApplePicker.cs using Guid(dd5a9336ab17f554c8d91ab6c93b5cd2) Importer(815301076,1909f56bfc062723c751e8b465ee728b)  -> (artifact id: 'af82c39603468e3864437ad81442232d') in 0.002888 seconds 
  Import took 0.005498 seconds .

========================================================================
Received Import Request.
  Time since last request: 11.946931 seconds.
  path: Assets/Scripts/ApplePicker.cs
  artifactKey: Guid(dd5a9336ab17f554c8d91ab6c93b5cd2) Importer(815301076,1909f56bfc062723c751e8b465ee728b)
Start importing Assets/Scripts/ApplePicker.cs using Guid(dd5a9336ab17f554c8d91ab6c93b5cd2) Importer(815301076,1909f56bfc062723c751e8b465ee728b)  -> (artifact id: 'ef1f7bffdcee89a09df9a0d38d46002f') in 0.003659 seconds 
  Import took 0.006301 seconds .

========================================================================
Received Import Request.
  Time since last request: 90.946154 seconds.
  path: Assets/Scripts/ApplePicker.cs
  artifactKey: Guid(dd5a9336ab17f554c8d91ab6c93b5cd2) Importer(815301076,1909f56bfc062723c751e8b465ee728b)
Start importing Assets/Scripts/ApplePicker.cs using Guid(dd5a9336ab17f554c8d91ab6c93b5cd2) Importer(815301076,1909f56bfc062723c751e8b465ee728b)  -> (artifact id: 'c9a3580c446edb1e0bdee97e72d42f19') in 0.004229 seconds 
  Import took 0.006645 seconds .

========================================================================
Received Import Request.
  Time since last request: 70.967662 seconds.
  path: Assets/Scripts/ApplePicker.cs
  artifactKey: Guid(dd5a9336ab17f554c8d91ab6c93b5cd2) Importer(815301076,1909f56bfc062723c751e8b465ee728b)
Start importing Assets/Scripts/ApplePicker.cs using Guid(dd5a9336ab17f554c8d91ab6c93b5cd2) Importer(815301076,1909f56bfc062723c751e8b465ee728b)  -> (artifact id: '787aa736b39b510835890af1656520da') in 0.008774 seconds 
  Import took 0.011019 seconds .

========================================================================
Received Import Request.
  Time since last request: 2.984664 seconds.
  path: Assets/Scripts/ApplePicker.cs
  artifactKey: Guid(dd5a9336ab17f554c8d91ab6c93b5cd2) Importer(815301076,1909f56bfc062723c751e8b465ee728b)
Start importing Assets/Scripts/ApplePicker.cs using Guid(dd5a9336ab17f554c8d91ab6c93b5cd2) Importer(815301076,1909f56bfc062723c751e8b465ee728b)  -> (artifact id: 'e60517380b4681232203a07cfb20fcdf') in 0.003742 seconds 
  Import took 0.006142 seconds .

========================================================================
Received Import Request.
  Time since last request: 30.314970 seconds.
  path: Assets/Scripts/ApplePicker.cs
  artifactKey: Guid(dd5a9336ab17f554c8d91ab6c93b5cd2) Importer(815301076,1909f56bfc062723c751e8b465ee728b)
Start importing Assets/Scripts/ApplePicker.cs using Guid(dd5a9336ab17f554c8d91ab6c93b5cd2) Importer(815301076,1909f56bfc062723c751e8b465ee728b)  -> (artifact id: 'c3744349099d8fac24ed32329a3a1093') in 0.003838 seconds 
  Import took 0.006604 seconds .

========================================================================
Received Import Request.
  Time since last request: 7.185813 seconds.
  path: Assets/Scripts/ApplePicker.cs
  artifactKey: Guid(dd5a9336ab17f554c8d91ab6c93b5cd2) Importer(815301076,1909f56bfc062723c751e8b465ee728b)
Start importing Assets/Scripts/ApplePicker.cs using Guid(dd5a9336ab17f554c8d91ab6c93b5cd2) Importer(815301076,1909f56bfc062723c751e8b465ee728b)  -> (artifact id: '9d226ab1eb2c116a6a36f407612efdea') in 0.003739 seconds 
  Import took 0.005940 seconds .

========================================================================
Received Import Request.
  Time since last request: 8.902378 seconds.
  path: Assets/Scripts/ApplePicker.cs
  artifactKey: Guid(dd5a9336ab17f554c8d91ab6c93b5cd2) Importer(815301076,1909f56bfc062723c751e8b465ee728b)
Start importing Assets/Scripts/ApplePicker.cs using Guid(dd5a9336ab17f554c8d91ab6c93b5cd2) Importer(815301076,1909f56bfc062723c751e8b465ee728b)  -> (artifact id: '58afe10a3653ce8f13e37356efaa4ee9') in 0.004130 seconds 
  Import took 0.007098 seconds .

========================================================================
Received Import Request.
  Time since last request: 5.889016 seconds.
  path: Assets/Scripts/ApplePicker.cs
  artifactKey: Guid(dd5a9336ab17f554c8d91ab6c93b5cd2) Importer(815301076,1909f56bfc062723c751e8b465ee728b)
Start importing Assets/Scripts/ApplePicker.cs using Guid(dd5a9336ab17f554c8d91ab6c93b5cd2) Importer(815301076,1909f56bfc062723c751e8b465ee728b)  -> (artifact id: 'c77c497cc1a20b6706d0f07e56b192b7') in 0.004352 seconds 
  Import took 0.007529 seconds .

========================================================================
Received Import Request.
  Time since last request: 26.844676 seconds.
  path: Assets/Scripts/ApplePicker.cs
  artifactKey: Guid(dd5a9336ab17f554c8d91ab6c93b5cd2) Importer(815301076,1909f56bfc062723c751e8b465ee728b)
Start importing Assets/Scripts/ApplePicker.cs using Guid(dd5a9336ab17f554c8d91ab6c93b5cd2) Importer(815301076,1909f56bfc062723c751e8b465ee728b)  -> (artifact id: '114dc4edb5df867d12274932eccd0f8e') in 0.004218 seconds 
  Import took 0.006641 seconds .

========================================================================
Received Import Request.
  Time since last request: 2.411608 seconds.
  path: Assets/Scripts/ApplePicker.cs
  artifactKey: Guid(dd5a9336ab17f554c8d91ab6c93b5cd2) Importer(815301076,1909f56bfc062723c751e8b465ee728b)
Start importing Assets/Scripts/ApplePicker.cs using Guid(dd5a9336ab17f554c8d91ab6c93b5cd2) Importer(815301076,1909f56bfc062723c751e8b465ee728b)  -> (artifact id: '33ebbe8ce940a0c4614909ebc5575e4d') in 0.004091 seconds 
  Import took 0.006263 seconds .

========================================================================
Received Import Request.
  Time since last request: 20.506888 seconds.
  path: Assets/Scripts/ApplePicker.cs
  artifactKey: Guid(dd5a9336ab17f554c8d91ab6c93b5cd2) Importer(815301076,1909f56bfc062723c751e8b465ee728b)
Start importing Assets/Scripts/ApplePicker.cs using Guid(dd5a9336ab17f554c8d91ab6c93b5cd2) Importer(815301076,1909f56bfc062723c751e8b465ee728b)  -> (artifact id: '51da8a9582cd110535f35569deca5f80') in 0.003732 seconds 
  Import took 0.006015 seconds .

========================================================================
Received Import Request.
  Time since last request: 1.772749 seconds.
  path: Assets/Scripts/ApplePicker.cs
  artifactKey: Guid(dd5a9336ab17f554c8d91ab6c93b5cd2) Importer(815301076,1909f56bfc062723c751e8b465ee728b)
Start importing Assets/Scripts/ApplePicker.cs using Guid(dd5a9336ab17f554c8d91ab6c93b5cd2) Importer(815301076,1909f56bfc062723c751e8b465ee728b)  -> (artifact id: 'f0f0bf7d07f2977d9519f09ae83ad59b') in 0.003906 seconds 
  Import took 0.006396 seconds .

========================================================================
Received Import Request.
  Time since last request: 5.022007 seconds.
  path: Assets/Scripts/ApplePicker.cs
  artifactKey: Guid(dd5a9336ab17f554c8d91ab6c93b5cd2) Importer(815301076,1909f56bfc062723c751e8b465ee728b)
Start importing Assets/Scripts/ApplePicker.cs using Guid(dd5a9336ab17f554c8d91ab6c93b5cd2) Importer(815301076,1909f56bfc062723c751e8b465ee728b)  -> (artifact id: '05bcece96850700706abfc0e7aff7e0d') in 0.004132 seconds 
  Import took 0.006546 seconds .

========================================================================
Received Import Request.
  Time since last request: 53.953702 seconds.
  path: Assets/Scripts/ApplePicker.cs
  artifactKey: Guid(dd5a9336ab17f554c8d91ab6c93b5cd2) Importer(815301076,1909f56bfc062723c751e8b465ee728b)
Start importing Assets/Scripts/ApplePicker.cs using Guid(dd5a9336ab17f554c8d91ab6c93b5cd2) Importer(815301076,1909f56bfc062723c751e8b465ee728b)  -> (artifact id: '8db48eb26093966b208a6f30489b46fe') in 0.003928 seconds 
  Import took 0.006592 seconds .

========================================================================
Received Import Request.
  Time since last request: 10.998258 seconds.
  path: Assets/Scripts/ApplePicker.cs
  artifactKey: Guid(dd5a9336ab17f554c8d91ab6c93b5cd2) Importer(815301076,1909f56bfc062723c751e8b465ee728b)
Start importing Assets/Scripts/ApplePicker.cs using Guid(dd5a9336ab17f554c8d91ab6c93b5cd2) Importer(815301076,1909f56bfc062723c751e8b465ee728b)  -> (artifact id: '2d3a05ad4be7d240babf1e53c694790e') in 0.003980 seconds 
  Import took 0.006233 seconds .

========================================================================
Received Import Request.
  Time since last request: 15.128106 seconds.
  path: Assets/Scripts/ApplePicker.cs
  artifactKey: Guid(dd5a9336ab17f554c8d91ab6c93b5cd2) Importer(815301076,1909f56bfc062723c751e8b465ee728b)
Start importing Assets/Scripts/ApplePicker.cs using Guid(dd5a9336ab17f554c8d91ab6c93b5cd2) Importer(815301076,1909f56bfc062723c751e8b465ee728b)  -> (artifact id: '060577730455e529298dbb66f52c5994') in 0.003999 seconds 
  Import took 0.006311 seconds .

========================================================================
Received Import Request.
  Time since last request: 18.533489 seconds.
  path: Assets/Scripts/ApplePicker.cs
  artifactKey: Guid(dd5a9336ab17f554c8d91ab6c93b5cd2) Importer(815301076,1909f56bfc062723c751e8b465ee728b)
Start importing Assets/Scripts/ApplePicker.cs using Guid(dd5a9336ab17f554c8d91ab6c93b5cd2) Importer(815301076,1909f56bfc062723c751e8b465ee728b)  -> (artifact id: '1013e5a0509f5d41dfa6b4473c59a318') in 0.004092 seconds 
  Import took 0.006490 seconds .

========================================================================
Received Import Request.
  Time since last request: 9.078571 seconds.
  path: Assets/Scripts/ApplePicker.cs
  artifactKey: Guid(dd5a9336ab17f554c8d91ab6c93b5cd2) Importer(815301076,1909f56bfc062723c751e8b465ee728b)
Start importing Assets/Scripts/ApplePicker.cs using Guid(dd5a9336ab17f554c8d91ab6c93b5cd2) Importer(815301076,1909f56bfc062723c751e8b465ee728b)  -> (artifact id: '743231390abeb42a780902ca97b11807') in 0.003728 seconds 
  Import took 0.005889 seconds .

========================================================================
Received Import Request.
  Time since last request: 1.274661 seconds.
  path: Assets/Scripts/ApplePicker.cs
  artifactKey: Guid(dd5a9336ab17f554c8d91ab6c93b5cd2) Importer(815301076,1909f56bfc062723c751e8b465ee728b)
Start importing Assets/Scripts/ApplePicker.cs using Guid(dd5a9336ab17f554c8d91ab6c93b5cd2) Importer(815301076,1909f56bfc062723c751e8b465ee728b)  -> (artifact id: '3a1146c61d14ba41b17e1318cd813cda') in 0.003845 seconds 
  Import took 0.005980 seconds .

========================================================================
Received Import Request.
  Time since last request: 1.697464 seconds.
  path: Assets/Scripts/ApplePicker.cs
  artifactKey: Guid(dd5a9336ab17f554c8d91ab6c93b5cd2) Importer(815301076,1909f56bfc062723c751e8b465ee728b)
Start importing Assets/Scripts/ApplePicker.cs using Guid(dd5a9336ab17f554c8d91ab6c93b5cd2) Importer(815301076,1909f56bfc062723c751e8b465ee728b)  -> (artifact id: '952b2aae84781383a14fc434898b0aaa') in 0.003729 seconds 
  Import took 0.006009 seconds .

========================================================================
Received Import Request.
  Time since last request: 5.379712 seconds.
  path: Assets/Scripts/ApplePicker.cs
  artifactKey: Guid(dd5a9336ab17f554c8d91ab6c93b5cd2) Importer(815301076,1909f56bfc062723c751e8b465ee728b)
Start importing Assets/Scripts/ApplePicker.cs using Guid(dd5a9336ab17f554c8d91ab6c93b5cd2) Importer(815301076,1909f56bfc062723c751e8b465ee728b)  -> (artifact id: '6a0a2fbffccdb608df3a9917de132cf3') in 0.003446 seconds 
  Import took 0.005704 seconds .

========================================================================
Received Import Request.
  Time since last request: 3.285134 seconds.
  path: Assets/Scripts/ApplePicker.cs
  artifactKey: Guid(dd5a9336ab17f554c8d91ab6c93b5cd2) Importer(815301076,1909f56bfc062723c751e8b465ee728b)
Start importing Assets/Scripts/ApplePicker.cs using Guid(dd5a9336ab17f554c8d91ab6c93b5cd2) Importer(815301076,1909f56bfc062723c751e8b465ee728b)  -> (artifact id: 'b9504a26e6cb9b3d9a3cef6cac00ae95') in 0.002864 seconds 
  Import took 0.005502 seconds .

========================================================================
Received Import Request.
  Time since last request: 15.997047 seconds.
  path: Assets/Scripts/ApplePicker.cs
  artifactKey: Guid(dd5a9336ab17f554c8d91ab6c93b5cd2) Importer(815301076,1909f56bfc062723c751e8b465ee728b)
Start importing Assets/Scripts/ApplePicker.cs using Guid(dd5a9336ab17f554c8d91ab6c93b5cd2) Importer(815301076,1909f56bfc062723c751e8b465ee728b)  -> (artifact id: '6941a62b4c0a0b175b70e9af1118f4f1') in 0.003104 seconds 
  Import took 0.005299 seconds .

========================================================================
Received Import Request.
  Time since last request: 128.761527 seconds.
  path: Assets/Scripts/NewBehaviourScript.cs
  artifactKey: Guid(492c24e9ef394eb4ba8ff3e6570dd175) Importer(815301076,1909f56bfc062723c751e8b465ee728b)
Start importing Assets/Scripts/NewBehaviourScript.cs using Guid(492c24e9ef394eb4ba8ff3e6570dd175) Importer(815301076,1909f56bfc062723c751e8b465ee728b)  -> (artifact id: '433d8740095cb721aea6f17465698661') in 0.033465 seconds 
  Import took 0.035837 seconds .

========================================================================
Received Import Request.
  Time since last request: 11.853702 seconds.
  path: Assets/Scripts/ApplePicker.cs
  artifactKey: Guid(dd5a9336ab17f554c8d91ab6c93b5cd2) Importer(815301076,1909f56bfc062723c751e8b465ee728b)
Start importing Assets/Scripts/ApplePicker.cs using Guid(dd5a9336ab17f554c8d91ab6c93b5cd2) Importer(815301076,1909f56bfc062723c751e8b465ee728b)  -> (artifact id: 'f00c918848e5debe83052aff94758a68') in 0.003738 seconds 
  Import took 0.006031 seconds .

========================================================================
Received Import Request.
  Time since last request: 31.052429 seconds.
  path: Assets/Scripts/ApplePicker.cs
  artifactKey: Guid(dd5a9336ab17f554c8d91ab6c93b5cd2) Importer(815301076,1909f56bfc062723c751e8b465ee728b)
Start importing Assets/Scripts/ApplePicker.cs using Guid(dd5a9336ab17f554c8d91ab6c93b5cd2) Importer(815301076,1909f56bfc062723c751e8b465ee728b)  -> (artifact id: '2771d2c537b51d34dbd6241d01093127') in 0.002702 seconds 
  Import took 0.004874 seconds .

========================================================================
Received Import Request.
  Time since last request: 5.988484 seconds.
  path: Assets/Scripts/ApplePicker.cs
  artifactKey: Guid(dd5a9336ab17f554c8d91ab6c93b5cd2) Importer(815301076,1909f56bfc062723c751e8b465ee728b)
Start importing Assets/Scripts/ApplePicker.cs using Guid(dd5a9336ab17f554c8d91ab6c93b5cd2) Importer(815301076,1909f56bfc062723c751e8b465ee728b)  -> (artifact id: '46293ad990d2aa074e43da03bb5aedc1') in 0.003273 seconds 
  Import took 0.005587 seconds .

========================================================================
Received Import Request.
  Time since last request: 11.792528 seconds.
  path: Assets/Scripts/ApplePicker.cs
  artifactKey: Guid(dd5a9336ab17f554c8d91ab6c93b5cd2) Importer(815301076,1909f56bfc062723c751e8b465ee728b)
Start importing Assets/Scripts/ApplePicker.cs using Guid(dd5a9336ab17f554c8d91ab6c93b5cd2) Importer(815301076,1909f56bfc062723c751e8b465ee728b)  -> (artifact id: '82bd8949fd05bb6d1782fbfafb9c4afe') in 0.002745 seconds 
  Import took 0.004946 seconds .

========================================================================
Received Import Request.
  Time since last request: 15.444595 seconds.
  path: Assets/Scenes/SampleScene.unity
  artifactKey: Guid(9fc0d4010bbf28b4594072e72b8655ab) Importer(815301076,1909f56bfc062723c751e8b465ee728b)
Start importing Assets/Scenes/SampleScene.unity using Guid(9fc0d4010bbf28b4594072e72b8655ab) Importer(815301076,1909f56bfc062723c751e8b465ee728b)  -> (artifact id: '1b68cc32c7ec5e5c950e4ba03b52b269') in 0.045985 seconds 
  Import took 0.048389 seconds .

========================================================================
Received Import Request.
  Time since last request: 85.125969 seconds.
  path: Assets/Scripts/HighScore.cs
  artifactKey: Guid(492c24e9ef394eb4ba8ff3e6570dd175) Importer(815301076,1909f56bfc062723c751e8b465ee728b)
Start importing Assets/Scripts/HighScore.cs using Guid(492c24e9ef394eb4ba8ff3e6570dd175) Importer(815301076,1909f56bfc062723c751e8b465ee728b)  -> (artifact id: '7a23db924b2fbb8c240038ecd4b11996') in 0.005870 seconds 
  Import took 0.008330 seconds .

========================================================================
Received Import Request.
  Time since last request: 20.141561 seconds.
  path: Assets/Scripts/HighScore.cs
  artifactKey: Guid(492c24e9ef394eb4ba8ff3e6570dd175) Importer(815301076,1909f56bfc062723c751e8b465ee728b)
Start importing Assets/Scripts/HighScore.cs using Guid(492c24e9ef394eb4ba8ff3e6570dd175) Importer(815301076,1909f56bfc062723c751e8b465ee728b)  -> (artifact id: 'd90dd2a478e52bd61e5940b309c997c3') in 0.002943 seconds 
  Import took 0.005348 seconds .

========================================================================
Received Import Request.
  Time since last request: 2.791641 seconds.
  path: Assets/Scripts/HighScore.cs
  artifactKey: Guid(492c24e9ef394eb4ba8ff3e6570dd175) Importer(815301076,1909f56bfc062723c751e8b465ee728b)
Start importing Assets/Scripts/HighScore.cs using Guid(492c24e9ef394eb4ba8ff3e6570dd175) Importer(815301076,1909f56bfc062723c751e8b465ee728b)  -> (artifact id: '0686cea3d663ca219878a462aa343af5') in 0.003649 seconds 
  Import took 0.006273 seconds .

========================================================================
Received Import Request.
  Time since last request: 3.864097 seconds.
  path: Assets/Scripts/HighScore.cs
  artifactKey: Guid(492c24e9ef394eb4ba8ff3e6570dd175) Importer(815301076,1909f56bfc062723c751e8b465ee728b)
Start importing Assets/Scripts/HighScore.cs using Guid(492c24e9ef394eb4ba8ff3e6570dd175) Importer(815301076,1909f56bfc062723c751e8b465ee728b)  -> (artifact id: '10630a302852b8316aac9bdeb9d509d3') in 0.002537 seconds 
  Import took 0.004685 seconds .

========================================================================
Received Import Request.
  Time since last request: 6.176802 seconds.
  path: Assets/Scripts/HighScore.cs
  artifactKey: Guid(492c24e9ef394eb4ba8ff3e6570dd175) Importer(815301076,1909f56bfc062723c751e8b465ee728b)
Start importing Assets/Scripts/HighScore.cs using Guid(492c24e9ef394eb4ba8ff3e6570dd175) Importer(815301076,1909f56bfc062723c751e8b465ee728b)  -> (artifact id: '0bf882668e15c1817778fb37976724bc') in 0.002650 seconds 
  Import took 0.004739 seconds .

========================================================================
Received Import Request.
  Time since last request: 11.003337 seconds.
  path: Assets/Scripts/HighScore.cs
  artifactKey: Guid(492c24e9ef394eb4ba8ff3e6570dd175) Importer(815301076,1909f56bfc062723c751e8b465ee728b)
Start importing Assets/Scripts/HighScore.cs using Guid(492c24e9ef394eb4ba8ff3e6570dd175) Importer(815301076,1909f56bfc062723c751e8b465ee728b)  -> (artifact id: '1e917d0e32356e107d2753e6642a2ee2') in 0.002753 seconds 
  Import took 0.005304 seconds .

========================================================================
Received Import Request.
  Time since last request: 6.979866 seconds.
  path: Assets/Scripts/HighScore.cs
  artifactKey: Guid(492c24e9ef394eb4ba8ff3e6570dd175) Importer(815301076,1909f56bfc062723c751e8b465ee728b)
Start importing Assets/Scripts/HighScore.cs using Guid(492c24e9ef394eb4ba8ff3e6570dd175) Importer(815301076,1909f56bfc062723c751e8b465ee728b)  -> (artifact id: 'd62bbc90dd2fdee939c0dc7677c560b2') in 0.002482 seconds 
  Import took 0.004849 seconds .

========================================================================
Received Import Request.
  Time since last request: 7.199794 seconds.
  path: Assets/Scripts/HighScore.cs
  artifactKey: Guid(492c24e9ef394eb4ba8ff3e6570dd175) Importer(815301076,1909f56bfc062723c751e8b465ee728b)
Start importing Assets/Scripts/HighScore.cs using Guid(492c24e9ef394eb4ba8ff3e6570dd175) Importer(815301076,1909f56bfc062723c751e8b465ee728b)  -> (artifact id: 'c2e5082ff77df60fd1620fd83f79880c') in 0.002827 seconds 
  Import took 0.004999 seconds .

========================================================================
Received Import Request.
  Time since last request: 38.566473 seconds.
  path: Assets/Scripts/HighScore.cs
  artifactKey: Guid(492c24e9ef394eb4ba8ff3e6570dd175) Importer(815301076,1909f56bfc062723c751e8b465ee728b)
Start importing Assets/Scripts/HighScore.cs using Guid(492c24e9ef394eb4ba8ff3e6570dd175) Importer(815301076,1909f56bfc062723c751e8b465ee728b)  -> (artifact id: 'b6525f5f3829f166688dfe16adecf949') in 0.002937 seconds 
  Import took 0.005926 seconds .

========================================================================
Received Import Request.
  Time since last request: 15.178570 seconds.
  path: Assets/Scripts/HighScore.cs
  artifactKey: Guid(492c24e9ef394eb4ba8ff3e6570dd175) Importer(815301076,1909f56bfc062723c751e8b465ee728b)
Start importing Assets/Scripts/HighScore.cs using Guid(492c24e9ef394eb4ba8ff3e6570dd175) Importer(815301076,1909f56bfc062723c751e8b465ee728b)  -> (artifact id: 'd834b7afdc8c76720d6147f53f53e77d') in 0.002242 seconds 
  Import took 0.004403 seconds .

========================================================================
Received Import Request.
  Time since last request: 10.108365 seconds.
  path: Assets/Scripts/HighScore.cs
  artifactKey: Guid(492c24e9ef394eb4ba8ff3e6570dd175) Importer(815301076,1909f56bfc062723c751e8b465ee728b)
Start importing Assets/Scripts/HighScore.cs using Guid(492c24e9ef394eb4ba8ff3e6570dd175) Importer(815301076,1909f56bfc062723c751e8b465ee728b)  -> (artifact id: '03cac32d35d294ca0c56f6a557820ec8') in 0.002499 seconds 
  Import took 0.004756 seconds .

========================================================================
Received Import Request.
  Time since last request: 43.649405 seconds.
  path: Assets/Scripts/HighScore.cs
  artifactKey: Guid(492c24e9ef394eb4ba8ff3e6570dd175) Importer(815301076,1909f56bfc062723c751e8b465ee728b)
Start importing Assets/Scripts/HighScore.cs using Guid(492c24e9ef394eb4ba8ff3e6570dd175) Importer(815301076,1909f56bfc062723c751e8b465ee728b)  -> (artifact id: 'fe2137beaec0f875d02146c07fafac54') in 0.002515 seconds 
  Import took 0.004679 seconds .

========================================================================
Received Import Request.
  Time since last request: 3.493429 seconds.
  path: Assets/Scripts/HighScore.cs
  artifactKey: Guid(492c24e9ef394eb4ba8ff3e6570dd175) Importer(815301076,1909f56bfc062723c751e8b465ee728b)
Start importing Assets/Scripts/HighScore.cs using Guid(492c24e9ef394eb4ba8ff3e6570dd175) Importer(815301076,1909f56bfc062723c751e8b465ee728b)  -> (artifact id: '28ff8740f6f7c1e421978cb02baad883') in 0.002957 seconds 
  Import took 0.005114 seconds .

========================================================================
Received Import Request.
  Time since last request: 121.686006 seconds.
  path: Assets/Scripts/HighScore.cs
  artifactKey: Guid(492c24e9ef394eb4ba8ff3e6570dd175) Importer(815301076,1909f56bfc062723c751e8b465ee728b)
Start importing Assets/Scripts/HighScore.cs using Guid(492c24e9ef394eb4ba8ff3e6570dd175) Importer(815301076,1909f56bfc062723c751e8b465ee728b)  -> (artifact id: 'a609c7ecacf8c92e8ba6f6ca92d38b32') in 0.002635 seconds 
  Import took 0.005121 seconds .

========================================================================
Received Import Request.
  Time since last request: 1.188065 seconds.
  path: Assets/Scripts/HighScore.cs
  artifactKey: Guid(492c24e9ef394eb4ba8ff3e6570dd175) Importer(815301076,1909f56bfc062723c751e8b465ee728b)
Start importing Assets/Scripts/HighScore.cs using Guid(492c24e9ef394eb4ba8ff3e6570dd175) Importer(815301076,1909f56bfc062723c751e8b465ee728b)  -> (artifact id: '574353e9e838bfd8e2df14352a1e5bf4') in 0.003805 seconds 
  Import took 0.005975 seconds .

========================================================================
Received Import Request.
  Time since last request: 18.062457 seconds.
  path: Assets/Scripts/HighScore.cs
  artifactKey: Guid(492c24e9ef394eb4ba8ff3e6570dd175) Importer(815301076,1909f56bfc062723c751e8b465ee728b)
Start importing Assets/Scripts/HighScore.cs using Guid(492c24e9ef394eb4ba8ff3e6570dd175) Importer(815301076,1909f56bfc062723c751e8b465ee728b)  -> (artifact id: 'e27500f25850c1940e95d601bc444052') in 0.002980 seconds 
  Import took 0.005127 seconds .

========================================================================
Received Import Request.
  Time since last request: 112.722446 seconds.
  path: Assets/Scripts/HighScore.cs
  artifactKey: Guid(492c24e9ef394eb4ba8ff3e6570dd175) Importer(815301076,1909f56bfc062723c751e8b465ee728b)
Start importing Assets/Scripts/HighScore.cs using Guid(492c24e9ef394eb4ba8ff3e6570dd175) Importer(815301076,1909f56bfc062723c751e8b465ee728b)  -> (artifact id: 'ff7cfc5cfc01673c381e0aeef7ee9d32') in 0.007321 seconds 
  Import took 0.009730 seconds .

========================================================================
Received Import Request.
  Time since last request: 169.378629 seconds.
  path: Assets/Scripts/HighScore.cs
  artifactKey: Guid(492c24e9ef394eb4ba8ff3e6570dd175) Importer(815301076,1909f56bfc062723c751e8b465ee728b)
Start importing Assets/Scripts/HighScore.cs using Guid(492c24e9ef394eb4ba8ff3e6570dd175) Importer(815301076,1909f56bfc062723c751e8b465ee728b)  -> (artifact id: '47aa06cbe40fc22b4554ecdebdaa2d28') in 0.003521 seconds 
  Import took 0.005787 seconds .

========================================================================
Received Import Request.
  Time since last request: 13.155872 seconds.
  path: Assets/Scripts/HighScore.cs
  artifactKey: Guid(492c24e9ef394eb4ba8ff3e6570dd175) Importer(815301076,1909f56bfc062723c751e8b465ee728b)
Start importing Assets/Scripts/HighScore.cs using Guid(492c24e9ef394eb4ba8ff3e6570dd175) Importer(815301076,1909f56bfc062723c751e8b465ee728b)  -> (artifact id: '73281950c16c5d3214ac29be4faea647') in 0.003428 seconds 
  Import took 0.005580 seconds .

========================================================================
Received Import Request.
  Time since last request: 30.230168 seconds.
  path: Assets/Scripts/HighScore.cs
  artifactKey: Guid(492c24e9ef394eb4ba8ff3e6570dd175) Importer(815301076,1909f56bfc062723c751e8b465ee728b)
Start importing Assets/Scripts/HighScore.cs using Guid(492c24e9ef394eb4ba8ff3e6570dd175) Importer(815301076,1909f56bfc062723c751e8b465ee728b)  -> (artifact id: 'd2eecfb16e54ef6343616d04e72f0948') in 0.002928 seconds 
  Import took 0.005273 seconds .

========================================================================
Received Import Request.
  Time since last request: 22.351199 seconds.
  path: Assets/Scripts/HighScore.cs
  artifactKey: Guid(492c24e9ef394eb4ba8ff3e6570dd175) Importer(815301076,1909f56bfc062723c751e8b465ee728b)
Start importing Assets/Scripts/HighScore.cs using Guid(492c24e9ef394eb4ba8ff3e6570dd175) Importer(815301076,1909f56bfc062723c751e8b465ee728b)  -> (artifact id: '6f16399332086faf21fa3ab3fcd052f0') in 0.002922 seconds 
  Import took 0.005443 seconds .

========================================================================
Received Import Request.
  Time since last request: 29.840349 seconds.
  path: Assets/Scripts/HighScore.cs
  artifactKey: Guid(492c24e9ef394eb4ba8ff3e6570dd175) Importer(815301076,1909f56bfc062723c751e8b465ee728b)
Start importing Assets/Scripts/HighScore.cs using Guid(492c24e9ef394eb4ba8ff3e6570dd175) Importer(815301076,1909f56bfc062723c751e8b465ee728b)  -> (artifact id: '6a653d022a1a21ada40edd3c684a0e33') in 0.003634 seconds 
  Import took 0.006089 seconds .

========================================================================
Received Import Request.
  Time since last request: 6.383553 seconds.
  path: Assets/Scripts/HighScore.cs
  artifactKey: Guid(492c24e9ef394eb4ba8ff3e6570dd175) Importer(815301076,1909f56bfc062723c751e8b465ee728b)
Start importing Assets/Scripts/HighScore.cs using Guid(492c24e9ef394eb4ba8ff3e6570dd175) Importer(815301076,1909f56bfc062723c751e8b465ee728b)  -> (artifact id: 'bf068b6f27aa58086d343fc4b9f1635e') in 0.002551 seconds 
  Import took 0.004818 seconds .

========================================================================
Received Import Request.
  Time since last request: 38.237850 seconds.
  path: Assets/Scripts/HighScore.cs
  artifactKey: Guid(492c24e9ef394eb4ba8ff3e6570dd175) Importer(815301076,1909f56bfc062723c751e8b465ee728b)
Start importing Assets/Scripts/HighScore.cs using Guid(492c24e9ef394eb4ba8ff3e6570dd175) Importer(815301076,1909f56bfc062723c751e8b465ee728b)  -> (artifact id: '1b31fa2e32ae48817261edf224d3b1b5') in 0.002389 seconds 
  Import took 0.004759 seconds .

========================================================================
Received Import Request.
  Time since last request: 32.626251 seconds.
  path: Assets/Scripts/HighScore.cs
  artifactKey: Guid(492c24e9ef394eb4ba8ff3e6570dd175) Importer(815301076,1909f56bfc062723c751e8b465ee728b)
Start importing Assets/Scripts/HighScore.cs using Guid(492c24e9ef394eb4ba8ff3e6570dd175) Importer(815301076,1909f56bfc062723c751e8b465ee728b)  -> (artifact id: '02e57176c2081c5a2af6e6559904aa5a') in 0.002769 seconds 
  Import took 0.005013 seconds .

========================================================================
Received Import Request.
  Time since last request: 10.675314 seconds.
  path: Assets/Scripts/HighScore.cs
  artifactKey: Guid(492c24e9ef394eb4ba8ff3e6570dd175) Importer(815301076,1909f56bfc062723c751e8b465ee728b)
Start importing Assets/Scripts/HighScore.cs using Guid(492c24e9ef394eb4ba8ff3e6570dd175) Importer(815301076,1909f56bfc062723c751e8b465ee728b)  -> (artifact id: '8160e70bf26277b136426d7dd4ded0aa') in 0.003037 seconds 
  Import took 0.005120 seconds .

========================================================================
Received Import Request.
  Time since last request: 6.872924 seconds.
  path: Assets/Scripts/HighScore.cs
  artifactKey: Guid(492c24e9ef394eb4ba8ff3e6570dd175) Importer(815301076,1909f56bfc062723c751e8b465ee728b)
Start importing Assets/Scripts/HighScore.cs using Guid(492c24e9ef394eb4ba8ff3e6570dd175) Importer(815301076,1909f56bfc062723c751e8b465ee728b)  -> (artifact id: '3a5619842fe991a3da96aacb2743429f') in 0.003448 seconds 
  Import took 0.005639 seconds .

========================================================================
Received Import Request.
  Time since last request: 3.065700 seconds.
  path: Assets/Scripts/HighScore.cs
  artifactKey: Guid(492c24e9ef394eb4ba8ff3e6570dd175) Importer(815301076,1909f56bfc062723c751e8b465ee728b)
Start importing Assets/Scripts/HighScore.cs using Guid(492c24e9ef394eb4ba8ff3e6570dd175) Importer(815301076,1909f56bfc062723c751e8b465ee728b)  -> (artifact id: '160d50738244fc976ca4bcdaa45e2baa') in 0.003000 seconds 
  Import took 0.005372 seconds .

========================================================================
Received Import Request.
  Time since last request: 14.966520 seconds.
  path: Assets/Scripts/HighScore.cs
  artifactKey: Guid(492c24e9ef394eb4ba8ff3e6570dd175) Importer(815301076,1909f56bfc062723c751e8b465ee728b)
Start importing Assets/Scripts/HighScore.cs using Guid(492c24e9ef394eb4ba8ff3e6570dd175) Importer(815301076,1909f56bfc062723c751e8b465ee728b)  -> (artifact id: 'f4b98dc90782deb22bdc684f4bf1094e') in 0.003567 seconds 
  Import took 0.005738 seconds .

========================================================================
Received Import Request.
  Time since last request: 30.670979 seconds.
  path: Assets/Scripts/HighScore.cs
  artifactKey: Guid(492c24e9ef394eb4ba8ff3e6570dd175) Importer(815301076,1909f56bfc062723c751e8b465ee728b)
Start importing Assets/Scripts/HighScore.cs using Guid(492c24e9ef394eb4ba8ff3e6570dd175) Importer(815301076,1909f56bfc062723c751e8b465ee728b)  -> (artifact id: 'e292f60ae8555ad3ffa62309b35af8f8') in 0.002593 seconds 
  Import took 0.004922 seconds .

